ObdCar/proguard.cfg
-optimizationpasses 5
-dontusemixedcaseclassnames
-dontskipnonpubliclibraryclasses
-dontpreverify
-verbose
-dontoptimize

-optimizations !code/simplification/arithmetic,!field/*,!class/merging/*


-keep public class * extends android.app.Activity
-keep public class * extends android.app.Application
-keep public class * extends android.app.Service
-keep public class * extends android.content.BroadcastReceiver
-keep public class * extends android.content.ContentProvider
-keep public class * extends android.app.backup.BackupAgentHelper
-keep public class * extends android.preference.Preference
-keep public class com.android.vending.licensing.ILicensingService

-keep public class android.net.http.SslError{
	public static *;
	int *;
	final *;
	public *;
}


-dontwarn android.net.http.**
-dontwarn android.support.v4.** 
-dontwarn com.baidu.**
-dontwarn cn.jpush.**
-keep class cn.jpush.** { *; }
-keep class android.support.v4.** {*;}
-keep class com.baidu.** { *; }
-keep class vi.com.gdi.bgl.android.**{*;}
-keep class net.tsz.afinal.**{*;}
-keep class com.androidquery.**{*;}
-keep class org.achartengine.**{*;}
-keep class com.crashlytics.android.**{*;}


-keepclasseswithmembernames class * {
    native <methods>;
}

-keepclasseswithmembers class * {
    public <init>(android.content.Context, android.util.AttributeSet);
}

-keepclasseswithmembers class * {
    public <init>(android.content.Context, android.util.AttributeSet, int);
}

-keepclassmembers class * extends android.app.Activity {
   public void *(android.view.View);
}

-keepclassmembers enum * {
    public static **[] values();
    public static ** valueOf(java.lang.String);
}

-keep class * implements android.os.Parcelable {
  public static final android.os.Parcelable$Creator *;
}