ObdCar/proguard/seeds.txt
com.xtrd.obdcar.tumi.R$anim
com.xtrd.obdcar.tumi.R$anim: int check_progress
com.xtrd.obdcar.tumi.R$anim: int fade_in
com.xtrd.obdcar.tumi.R$anim: int fade_out
com.xtrd.obdcar.tumi.R$anim: int push_down_in
com.xtrd.obdcar.tumi.R$anim: int push_down_out
com.xtrd.obdcar.tumi.R$anim: int push_left_in
com.xtrd.obdcar.tumi.R$anim: int push_left_out
com.xtrd.obdcar.tumi.R$anim: int push_right_in
com.xtrd.obdcar.tumi.R$anim: int push_right_out
com.xtrd.obdcar.tumi.R$anim: int push_up_in
com.xtrd.obdcar.tumi.R$anim: int push_up_out
com.xtrd.obdcar.tumi.R$anim: int window_in
com.xtrd.obdcar.tumi.R$anim: int window_out
com.xtrd.obdcar.tumi.R$anim: R$anim()
com.xtrd.obdcar.tumi.R$array
com.xtrd.obdcar.tumi.R$array: int arr_idcard_type
com.xtrd.obdcar.tumi.R$array: int car_plate
com.xtrd.obdcar.tumi.R$array: int one_key_for_help
com.xtrd.obdcar.tumi.R$array: int service_array
com.xtrd.obdcar.tumi.R$array: int vc_idling
com.xtrd.obdcar.tumi.R$array: int vc_normal_run
com.xtrd.obdcar.tumi.R$array: R$array()
com.xtrd.obdcar.tumi.R$attr
com.xtrd.obdcar.tumi.R$attr: int bgColor
com.xtrd.obdcar.tumi.R$attr: int circleColor
com.xtrd.obdcar.tumi.R$attr: int delimiter
com.xtrd.obdcar.tumi.R$attr: int eachLength
com.xtrd.obdcar.tumi.R$attr: int placeHolder
com.xtrd.obdcar.tumi.R$attr: int radius
com.xtrd.obdcar.tumi.R$attr: int ringColor
com.xtrd.obdcar.tumi.R$attr: int strokeWidth
com.xtrd.obdcar.tumi.R$attr: int totalLength
com.xtrd.obdcar.tumi.R$attr: R$attr()
com.xtrd.obdcar.tumi.R$color
com.xtrd.obdcar.tumi.R$color: int active_car_list_desc_color
com.xtrd.obdcar.tumi.R$color: int active_gray_color
com.xtrd.obdcar.tumi.R$color: int active_plate_text_color_hint
com.xtrd.obdcar.tumi.R$color: int activity_gray
com.xtrd.obdcar.tumi.R$color: int base_layout_bg
com.xtrd.obdcar.tumi.R$color: int black
com.xtrd.obdcar.tumi.R$color: int blue_bg_for_btn
com.xtrd.obdcar.tumi.R$color: int blue_text
com.xtrd.obdcar.tumi.R$color: int btn_auth_click
com.xtrd.obdcar.tumi.R$color: int btn_auth_text_click
com.xtrd.obdcar.tumi.R$color: int btn_commit_text_click
com.xtrd.obdcar.tumi.R$color: int btn_qr_color
com.xtrd.obdcar.tumi.R$color: int check_circle_bg_color
com.xtrd.obdcar.tumi.R$color: int check_circle_color
com.xtrd.obdcar.tumi.R$color: int check_ring_color
com.xtrd.obdcar.tumi.R$color: int circle_bg_color
com.xtrd.obdcar.tumi.R$color: int circle_color
com.xtrd.obdcar.tumi.R$color: int color_title_bg
com.xtrd.obdcar.tumi.R$color: int font_car_add_color
com.xtrd.obdcar.tumi.R$color: int gray
com.xtrd.obdcar.tumi.R$color: int gray_line
com.xtrd.obdcar.tumi.R$color: int gray_my_light
com.xtrd.obdcar.tumi.R$color: int green_color
com.xtrd.obdcar.tumi.R$color: int half_black
com.xtrd.obdcar.tumi.R$color: int header_color
com.xtrd.obdcar.tumi.R$color: int holo_blue_bright
com.xtrd.obdcar.tumi.R$color: int holo_blue_dark
com.xtrd.obdcar.tumi.R$color: int holo_blue_light
com.xtrd.obdcar.tumi.R$color: int holo_green_dark
com.xtrd.obdcar.tumi.R$dimen
com.xtrd.obdcar.tumi.R$dimen: int Large_font
com.xtrd.obdcar.tumi.R$dimen: int Max_Large_font
com.xtrd.obdcar.tumi.R$dimen: int Middle_font
com.xtrd.obdcar.tumi.R$dimen: int Small_Middle_font
com.xtrd.obdcar.tumi.R$dimen: int Small_Normal_font
com.xtrd.obdcar.tumi.R$dimen: int Small_font
com.xtrd.obdcar.tumi.R$dimen: int Smallest_font
com.xtrd.obdcar.tumi.R$dimen: int activity_horizontal_margin
com.xtrd.obdcar.tumi.R$dimen: int activity_vertical_margin
com.xtrd.obdcar.tumi.R$dimen: int car_logo_padding
com.xtrd.obdcar.tumi.R$dimen: int home_text_branch
com.xtrd.obdcar.tumi.R$dimen: int home_text_plate
com.xtrd.obdcar.tumi.R$dimen: int margin_chat_activity
com.xtrd.obdcar.tumi.R$dimen: int report_label_size
com.xtrd.obdcar.tumi.R$dimen: int report_text_size
com.xtrd.obdcar.tumi.R$dimen: int size_avatar
com.xtrd.obdcar.tumi.R$dimen: R$dimen()
...
com.baidu.platform.comapi.map.x
com.baidu.platform.comapi.map.x: x()
com.baidu.platform.comapi.map.y
com.baidu.platform.comapi.map.y: com.baidu.platform.comjni.map.basemap.a a
com.baidu.platform.comapi.map.y: y(com.baidu.platform.comjni.map.basemap.a)
com.baidu.platform.comapi.map.y: com.baidu.platform.comapi.a.b a(int,int)
com.baidu.platform.comapi.map.y: android.graphics.Point a(com.baidu.platform.comapi.a.b)
com.baidu.platform.comapi.map.z
com.baidu.platform.comapi.map.z: java.lang.String h
com.baidu.platform.comapi.map.z: android.os.Bundle e
com.baidu.platform.comapi.map.z: java.lang.String f
com.baidu.platform.comapi.map.z: int g
com.baidu.platform.comapi.map.z: z()
com.baidu.platform.comapi.map.z: void a(java.lang.String)
com.baidu.platform.comapi.map.z: java.lang.String a()
com.baidu.platform.comapi.map.z: android.os.Bundle b()
com.baidu.platform.comapi.map.z: void a(android.os.Bundle)
com.baidu.platform.comapi.map.z: void <clinit>()
com.baidu.platform.comjni.base.networkdetect.JNINetworkDetect
com.baidu.platform.comjni.base.networkdetect.JNINetworkDetect: JNINetworkDetect()
com.baidu.platform.comjni.base.networkdetect.JNINetworkDetect: int Create()
com.baidu.platform.comjni.base.networkdetect.a
com.baidu.platform.comjni.base.networkdetect.a: int a
com.baidu.platform.comjni.base.networkdetect.a: com.baidu.platform.comjni.base.networkdetect.JNINetworkDetect b
com.baidu.platform.comjni.base.networkdetect.a: a()
com.baidu.platform.comjni.base.networkdetect.a: int a()
com.baidu.platform.comjni.engine.AppEngine
com.baidu.platform.comjni.engine.AppEngine: AppEngine()
com.baidu.platform.comjni.engine.AppEngine: void despatchMessage(int,int,int,int)
com.baidu.platform.comjni.engine.AppEngine: void InitClass()
com.baidu.platform.comjni.engine.AppEngine: boolean InitEngine(android.content.Context,android.os.Bundle)
com.baidu.platform.comjni.engine.AppEngine: boolean UnInitEngine()
com.baidu.platform.comjni.engine.AppEngine: void SetProxyInfo(java.lang.String,int)
com.baidu.platform.comjni.engine.AppEngine: boolean StartSocketProc()
com.baidu.platform.comjni.engine.JNIEngine
com.baidu.platform.comjni.engine.JNIEngine: int initClass(java.lang.Object,int)
com.baidu.platform.comjni.engine.JNIEngine: boolean InitEngine(android.content.Context,android.os.Bundle)
com.baidu.platform.comjni.engine.JNIEngine: boolean UnInitEngine()
com.baidu.platform.comjni.engine.JNIEngine: void SetProxyInfo(java.lang.String,int)
com.baidu.platform.comjni.engine.JNIEngine: boolean StartSocketProc()
com.baidu.platform.comjni.engine.a
com.baidu.platform.comjni.engine.a: java.lang.String a
com.baidu.platform.comjni.engine.a: android.util.SparseArray b
com.baidu.platform.comjni.engine.a: a()
com.baidu.platform.comjni.engine.a: void a(int,android.os.Handler)
com.baidu.platform.comjni.engine.a: void b(int,android.os.Handler)
com.baidu.platform.comjni.engine.a: void a(int,int,int,int)
com.baidu.platform.comjni.engine.a: void a()
com.baidu.platform.comjni.engine.a: void <clinit>()
com.baidu.platform.comjni.map.basemap.BaseMapCallback
com.baidu.platform.comjni.map.basemap.BaseMapCallback: android.util.SparseArray a
com.baidu.platform.comjni.map.basemap.BaseMapCallback: BaseMapCallback()
com.baidu.platform.comjni.map.basemap.BaseMapCallback: void addLayerDataInterface(int,com.baidu.platform.comjni.map.basemap.b)
com.baidu.platform.comjni.map.basemap.BaseMapCallback: void removeLayerDataInterface(int)
com.baidu.platform.comjni.map.basemap.BaseMapCallback: int ReqLayerData(android.os.Bundle,int,int,android.os.Bundle)
com.baidu.platform.comjni.map.basemap.BaseMapCallback: void <clinit>()