ObdCar/proguard/mapping.txt
com.xtrd.obdcar.tumi.R -> com.xtrd.obdcar.tumi.R:
com.xtrd.obdcar.tumi.R$anim -> com.xtrd.obdcar.tumi.R$anim:
    int check_progress -> check_progress
    int fade_in -> fade_in
    int fade_out -> fade_out
    int push_down_in -> push_down_in
    int push_down_out -> push_down_out
    int push_left_in -> push_left_in
    int push_left_out -> push_left_out
    int push_right_in -> push_right_in
    int push_right_out -> push_right_out
    int push_up_in -> push_up_in
    int push_up_out -> push_up_out
    int window_in -> window_in
    int window_out -> window_out
com.xtrd.obdcar.tumi.R$array -> com.xtrd.obdcar.tumi.R$array:
    int arr_idcard_type -> arr_idcard_type
    int car_plate -> car_plate
    int one_key_for_help -> one_key_for_help
    int service_array -> service_array
    int vc_idling -> vc_idling
    int vc_normal_run -> vc_normal_run
com.xtrd.obdcar.tumi.R$attr -> com.xtrd.obdcar.tumi.R$attr:
    int bgColor -> bgColor
    int circleColor -> circleColor
    int delimiter -> delimiter
    int eachLength -> eachLength
    int placeHolder -> placeHolder
    int radius -> radius
    int ringColor -> ringColor
    int strokeWidth -> strokeWidth
    int totalLength -> totalLength
com.xtrd.obdcar.tumi.R$color -> com.xtrd.obdcar.tumi.R$color:
    int active_car_list_desc_color -> active_car_list_desc_color
    int active_gray_color -> active_gray_color
    int active_plate_text_color_hint -> active_plate_text_color_hint
    int activity_gray -> activity_gray
    int base_layout_bg -> base_layout_bg
    int black -> black
    int blue_bg_for_btn -> blue_bg_for_btn
    int blue_text -> blue_text
    int btn_auth_click -> btn_auth_click
    int btn_auth_text_click -> btn_auth_text_click
    int btn_commit_text_click -> btn_commit_text_click
    int btn_qr_color -> btn_qr_color
    int check_circle_bg_color -> check_circle_bg_color
    int check_circle_color -> check_circle_color
    int check_ring_color -> check_ring_color
    int circle_bg_color -> circle_bg_color
    int circle_color -> circle_color
    int color_title_bg -> color_title_bg
    int font_car_add_color -> font_car_add_color
    int gray -> gray
    int gray_line -> gray_line
    int gray_my_light -> gray_my_light
    int green_color -> green_color
    int half_black -> half_black
    int header_color -> header_color
    int holo_blue_bright -> holo_blue_bright
    int holo_blue_dark -> holo_blue_dark
    int holo_blue_light -> holo_blue_light
    int holo_green_dark -> holo_green_dark
    int holo_green_light -> holo_green_light
    int holo_orange_dark -> holo_orange_dark
    int holo_orange_light -> holo_orange_light
    int holo_purple -> holo_purple
com.xtrd.obdcar.tumi.R$dimen -> com.xtrd.obdcar.tumi.R$dimen:
    int Large_font -> Large_font
    int Max_Large_font -> Max_Large_font
    int Middle_font -> Middle_font
    int Small_Middle_font -> Small_Middle_font
    int Small_Normal_font -> Small_Normal_font
    int Small_font -> Small_font
    int Smallest_font -> Smallest_font
    int activity_horizontal_margin -> activity_horizontal_margin
    int activity_vertical_margin -> activity_vertical_margin
    int car_logo_padding -> car_logo_padding
    int home_text_branch -> home_text_branch
    int home_text_plate -> home_text_plate
    int margin_chat_activity -> margin_chat_activity
    int report_label_size -> report_label_size
    int report_text_size -> report_text_size
    int size_avatar -> size_avatar
...
com.xtrd.obdcar.adapter.ViolationProvinceAdapter$ViewHolder -> com.xtrd.obdcar.a.ek:
    android.widget.TextView tvLetter -> a
    android.widget.TextView tvTitle -> b
com.xtrd.obdcar.adapter.ViolationResultAdapter -> com.xtrd.obdcar.a.el:
    android.content.Context context -> a
    java.util.ArrayList list -> b
    int getCount() -> getCount
    com.xtrd.obdcar.entity.ViolationResult getItem(int) -> a
    long getItemId(int) -> getItemId
    android.view.View getView(int,android.view.View,android.view.ViewGroup) -> getView
    void updateUI(com.xtrd.obdcar.adapter.ViolationResultAdapter$ViewHolder,com.xtrd.obdcar.entity.ViolationResult) -> a
    void processColor(android.widget.TextView,java.lang.String,java.lang.String) -> a
    java.lang.Object getItem(int) -> getItem
com.xtrd.obdcar.adapter.ViolationResultAdapter$ViewHolder -> com.xtrd.obdcar.a.em:
    android.view.View view -> a
    android.widget.TextView text_hour -> b
    android.widget.TextView text_day -> c
    android.widget.TextView text_year -> d
    android.widget.TextView text_location -> e
    android.widget.TextView text_info1 -> f
    android.widget.TextView text_info2 -> g
    android.widget.TextView text_intro -> h
    com.xtrd.obdcar.adapter.ViolationResultAdapter this$0 -> i
com.xtrd.obdcar.carcheck.CarCheckActivity -> com.xtrd.obdcar.carcheck.CarCheckActivity:
    com.xtrd.obdcar.view.MyProgressView mTasksView -> e
    int mTotalProgress -> f
    int mCurrentProgress -> g
    android.widget.ToggleButton btn_toggle -> h
    android.widget.TextView text_car_info -> i
    android.widget.TextView text_car_break -> j
    android.widget.ListView listView -> k
    android.widget.ListView mListView -> l
    java.util.ArrayList list -> m
    int vehicleId -> n
    android.widget.TextView text_result -> o
    com.xtrd.obdcar.entity.CarInfo car -> p
    long troubleNum -> q
    void onCreate(android.os.Bundle) -> onCreate
    void registerClick() -> e
    void onActivityResult(int,int,android.content.Intent) -> onActivityResult
    void onClick(android.view.View) -> onClick
    void initView() -> f
    void updateUI(boolean) -> a
    void updateCar() -> d
    void updateScroolList(boolean) -> b
    java.lang.String getFen() -> g
    void getTrouble() -> h
    void getCarInfo() -> i
    void getCheckResult() -> j
    void getDetail(java.lang.String) -> a
    android.widget.TextView access$0(com.xtrd.obdcar.carcheck.CarCheckActivity) -> a
    android.widget.TextView access$1(com.xtrd.obdcar.carcheck.CarCheckActivity) -> b
    void access$2(com.xtrd.obdcar.carcheck.CarCheckActivity) -> c
    long access$3(com.xtrd.obdcar.carcheck.CarCheckActivity) -> d
com.xtrd.obdcar.carcheck.CarCheckActivity$1 -> com.xtrd.obdcar.carcheck.a:
    com.xtrd.obdcar.carcheck.CarCheckActivity this$0 -> a
    void onCheckedChanged(android.widget.CompoundButton,boolean) -> onCheckedChanged
com.xtrd.obdcar.carcheck.CarCheckActivity$10 -> com.xtrd.obdcar.carcheck.b:
    java.lang.String msg -> b
    com.xtrd.obdcar.carcheck.CarCheckActivity this$0 -> a
    void onStart() -> onStart
    void onSuccess(java.lang.String) -> a
    void onFailure(java.lang.Throwable,int,java.lang.String) -> onFailure
    void onSuccess(java.lang.Object) -> onSuccess
com.xtrd.obdcar.carcheck.CarCheckActivity$11 -> com.xtrd.obdcar.carcheck.c:
    java.lang.String msg -> b
    com.xtrd.obdcar.carcheck.CarCheckActivity this$0 -> a
    void onStart() -> onStart
    void onSuccess(java.lang.String) -> a
    void onFailure(java.lang.Throwable,int,java.lang.String) -> onFailure
    void onSuccess(java.lang.Object) -> onSuccess