ObdCar/proguard/usage.txt
com.xtrd.obdcar.tumi.BuildConfig
com.xtrd.obdcar.tumi.Manifest
com.xtrd.obdcar.tumi.Manifest$permission
com.xtrd.obdcar.tumi.R:
    10:10:public R()
...
u.aly.bg$e:
    64:70:public static u.aly.bg$e a(int)
    79:81:public static u.aly.bg$e b(int)
    88:88:public static u.aly.bg$e a(java.lang.String)
u.aly.bh:
    114:115:public bh(u.aly.bh$a,java.lang.Object)
    118:119:public bh(u.aly.bh)
    121:121:public u.aly.bh a()
    125:127:public static u.aly.bh a(java.lang.String)
    131:133:public static u.aly.bh a(long)
    139:153:protected void a(u.aly.bh$a,java.lang.Object)
    262:262:public u.aly.bh$a a(int)
    267:270:public java.lang.String d()
    281:284:public long e()
    294:294:public boolean f()
    299:299:public boolean h()
    317:321:public int b(u.aly.bh)
    335:339:private void a(java.io.ObjectOutputStream)
    344:348:private void a(java.io.ObjectInputStream)
    32:32:protected bridge synthetic void a(u.aly.co,java.lang.Object)
    32:32:public synthetic u.aly.ch g()
    32:32:public synthetic u.aly.co b(int)
u.aly.bh$a:
    78:78:public static u.aly.bh$a a(java.lang.String)
u.aly.bi:
    private static final int h
    private static final int i
    140:144:public bi(u.aly.bi)
    147:147:public u.aly.bi a()
    152:156:public void b()
    159:159:public int c()
    163:165:public u.aly.bi a(int)
    169:170:public void d()
    182:182:public int f()
    186:188:public u.aly.bi c(int)
    192:193:public void h()
    205:205:public u.aly.bi$e d(int)
    241:245:private void a(java.io.ObjectOutputStream)
    250:255:private void a(java.io.ObjectInputStream)
    32:32:public synthetic u.aly.ch g()
    32:32:public synthetic u.aly.co b(int)
u.aly.bi$e:
    64:70:public static u.aly.bi$e a(int)
    79:81:public static u.aly.bi$e b(int)
    88:88:public static u.aly.bi$e a(java.lang.String)
u.aly.bj:
    private static final int j
    136:139:public bj(int)
    144:153:public bj(u.aly.bj)
    156:156:public u.aly.bj a()
    161:165:public void b()
    168:168:public int c()
    172:174:public u.aly.bj a(int)
    178:179:public void d()
    195:196:public u.aly.bj a(java.lang.String)
    200:201:public void h()
    219:220:public u.aly.bj a(u.aly.ba)
    224:225:public void k()
    239:239:public u.aly.bj$e c(int)
    293:297:private void a(java.io.ObjectOutputStream)
    302:307:private void a(java.io.ObjectInputStream)
    32:32:public synthetic u.aly.ch g()
    32:32:public synthetic u.aly.co b(int)
u.aly.bj$e:
    67:75:public static u.aly.bj$e a(int)
    84:86:public static u.aly.bj$e b(int)
    93:93:public static u.aly.bj$e a(java.lang.String)
u.aly.bl:
    private static final int r
    private static final int s
    private static final int t
    171:179:public bl(java.lang.String,long,long,long)
    184:209:public bl(u.aly.bl)
    212:212:public u.aly.bl a()
    217:227:public void b()
    230:230:public java.lang.String c()
    239:240:public void d()
    244:244:public boolean e()
    254:254:public long f()
    264:265:public void h()
    277:277:public long j()
    287:288:public void k()
    300:300:public long m()
    310:311:public void n()
    327:327:public java.util.Iterator q()
    331:335:public void a(u.aly.bg)
    338:338:public java.util.List r()
    347:348:public void s()
    362:362:public int u()
    366:366:public java.util.Iterator v()
    377:377:public java.util.List w()
    386:387:public void x()
    401:401:public u.aly.bm z()
    410:411:public void A()
    425:425:public u.aly.bl$e a(int)
    510:514:private void a(java.io.ObjectOutputStream)
    519:524:private void a(java.io.ObjectInputStream)
    32:32:public synthetic u.aly.ch g()
    32:32:public synthetic u.aly.co b(int)
u.aly.bl$e:
    79:95:public static u.aly.bl$e a(int)
    104:106:public static u.aly.bl$e b(int)
    113:113:public static u.aly.bl$e a(java.lang.String)